android/app/build/intermediates/manifest_merge_blame_file/debug/manifest-merger-blame-debug-report.txt
1<?xml version="1.0" encoding="utf-8"?>
2<manifest xmlns:android="http://schemas.android.com/apk/res/android"
3    package="com.example.clearance"
4    android:versionCode="1"
5    android:versionName="1.0.0" >
6
7    <uses-sdk
8        android:minSdkVersion="23"
9        android:targetSdkVersion="29" />
10    <!--
11         Flutter needs it to communicate with the running application
12         to allow setting breakpoints, to provide hot reload, etc.
13    -->
14    <uses-permission android:name="android.permission.INTERNET" />
14-->src\main\AndroidManifest.xml:3:5-66
14-->src\main\AndroidManifest.xml:3:22-64
15    <uses-permission android:name="android.permission.VIBRATE" />
15-->src\main\AndroidManifest.xml:4:5-66
15-->src\main\AndroidManifest.xml:4:22-63
16    <uses-permission android:name="android.permission.RECEIVE_BOOT_COMPLETED" />
16-->src\main\AndroidManifest.xml:5:5-80
16-->src\main\AndroidManifest.xml:5:22-78
17    <uses-permission android:name="android.permission.ACCESS_FINE_LOCATION" />
17-->src\main\AndroidManifest.xml:7:5-79
17-->src\main\AndroidManifest.xml:7:22-76
18    <uses-permission android:name="android.permission.ACCESS_COARSE_LOCATION" />
18-->src\main\AndroidManifest.xml:8:5-81
18-->src\main\AndroidManifest.xml:8:22-78
19    <uses-permission android:name="android.permission.READ_EXTERNAL_STORAGE" />
19-->[:image_picker] AndroidManifest.xml:7:5-80
19-->[:image_picker] AndroidManifest.xml:7:22-77
20    <uses-permission android:name="android.permission.WRITE_EXTERNAL_STORAGE" />
20-->[:image_picker] AndroidManifest.xml:8:5-81
20-->[:image_picker] AndroidManifest.xml:8:22-78
21    <uses-permission android:name="android.permission.CALL_PHONE" />
21-->[:flutter_phone_direct_caller] AndroidManifest.xml:9:5-69
21-->[:flutter_phone_direct_caller] AndroidManifest.xml:9:22-66
22
23    <uses-feature
23-->[:flutter_phone_direct_caller] AndroidManifest.xml:11:5-13:36
24        android:name="android.hardware.telephony"
24-->[:flutter_phone_direct_caller] AndroidManifest.xml:12:9-50
25        android:required="false" /> <!-- Samsung Badge -->
25-->[:flutter_phone_direct_caller] AndroidManifest.xml:13:9-33
26    <uses-permission android:name="com.sec.android.provider.badge.permission.READ" />
26-->[:awesome_notifications] AndroidManifest.xml:8:5-86
26-->[:awesome_notifications] AndroidManifest.xml:8:22-83
27    <uses-permission android:name="com.sec.android.provider.badge.permission.WRITE" /> <!-- Sony Badge -->
27-->[:awesome_notifications] AndroidManifest.xml:9:5-87
27-->[:awesome_notifications] AndroidManifest.xml:9:22-84
28    <uses-permission android:name="com.sonyericsson.home.permission.BROADCAST_BADGE" /> <!-- HTC Badge -->
28-->[:awesome_notifications] AndroidManifest.xml:12:5-88
28-->[:awesome_notifications] AndroidManifest.xml:12:22-85
29    <uses-permission android:name="com.htc.launcher.permission.READ_SETTINGS" />
29-->[:awesome_notifications] AndroidManifest.xml:15:5-81
29-->[:awesome_notifications] AndroidManifest.xml:15:22-78
30    <uses-permission android:name="com.htc.launcher.permission.UPDATE_SHORTCUT" />
30-->[:awesome_notifications] AndroidManifest.xml:16:5-83
30-->[:awesome_notifications] AndroidManifest.xml:16:22-80
31    <uses-permission android:name="android.permission.ACCESS_NETWORK_STATE" />
31-->[com.google.firebase:firebase-inappmessaging:19.1.5] AndroidManifest.xml:10:5-79
31-->[com.google.firebase:firebase-inappmessaging:19.1.5] AndroidManifest.xml:10:22-76
32    <uses-permission android:name="android.permission.WAKE_LOCK" /> <!-- Required by older versions of Google Play services to create IID tokens -->
32-->[com.google.firebase:firebase-iid:21.0.1] AndroidManifest.xml:24:5-68
32-->[com.google.firebase:firebase-iid:21.0.1] AndroidManifest.xml:24:22-65
33    <uses-permission android:name="com.google.android.c2dm.permission.RECEIVE" />
33-->[com.google.firebase:firebase-iid:21.0.1] AndroidManifest.xml:26:5-82
33-->[com.google.firebase:firebase-iid:21.0.1] AndroidManifest.xml:26:22-79
34    <uses-permission android:name="com.google.android.finsky.permission.BIND_GET_INSTALL_REFERRER_SERVICE" />
34-->[com.google.android.gms:play-services-measurement:18.0.2] AndroidManifest.xml:26:5-110
34-->[com.google.android.gms:play-services-measurement:18.0.2] AndroidManifest.xml:26:22-107
35
36    <uses-feature
36-->[com.google.android.gms:play-services-maps:17.0.0] AndroidManifest.xml:26:5-28:35
37        android:glEsVersion="0x00020000"
37-->[com.google.android.gms:play-services-maps:17.0.0] AndroidManifest.xml:27:9-41
38        android:required="true" />
38-->[com.google.android.gms:play-services-maps:17.0.0] AndroidManifest.xml:28:9-32
39
40    <uses-permission android:name="com.sonymobile.home.permission.PROVIDER_INSERT_BADGE" /> <!-- for apex -->
40-->[me.leolin:ShortcutBadger:1.1.22] AndroidManifest.xml:28:5-92
40-->[me.leolin:ShortcutBadger:1.1.22] AndroidManifest.xml:28:22-89
41    <uses-permission android:name="com.anddoes.launcher.permission.UPDATE_COUNT" /> <!-- for solid -->
41-->[me.leolin:ShortcutBadger:1.1.22] AndroidManifest.xml:31:5-84
41-->[me.leolin:ShortcutBadger:1.1.22] AndroidManifest.xml:31:22-81
42    <uses-permission android:name="com.majeur.launcher.permission.UPDATE_BADGE" /> <!-- for huawei -->
42-->[me.leolin:ShortcutBadger:1.1.22] AndroidManifest.xml:34:5-83
42-->[me.leolin:ShortcutBadger:1.1.22] AndroidManifest.xml:34:22-80
43    <uses-permission android:name="com.huawei.android.launcher.permission.CHANGE_BADGE" />
43-->[me.leolin:ShortcutBadger:1.1.22] AndroidManifest.xml:37:5-91
43-->[me.leolin:ShortcutBadger:1.1.22] AndroidManifest.xml:37:22-88
44    <uses-permission android:name="com.huawei.android.launcher.permission.READ_SETTINGS" />
44-->[me.leolin:ShortcutBadger:1.1.22] AndroidManifest.xml:38:5-92
44-->[me.leolin:ShortcutBadger:1.1.22] AndroidManifest.xml:38:22-89
45    <uses-permission android:name="com.huawei.android.launcher.permission.WRITE_SETTINGS" /> <!-- for ZUK -->
45-->[me.leolin:ShortcutBadger:1.1.22] AndroidManifest.xml:39:5-93
45-->[me.leolin:ShortcutBadger:1.1.22] AndroidManifest.xml:39:22-90
46    <uses-permission android:name="android.permission.READ_APP_BADGE" /> <!-- for OPPO -->
46-->[me.leolin:ShortcutBadger:1.1.22] AndroidManifest.xml:42:5-73
46-->[me.leolin:ShortcutBadger:1.1.22] AndroidManifest.xml:42:22-70
47    <uses-permission android:name="com.oppo.launcher.permission.READ_SETTINGS" />
47-->[me.leolin:ShortcutBadger:1.1.22] AndroidManifest.xml:45:5-82
47-->[me.leolin:ShortcutBadger:1.1.22] AndroidManifest.xml:45:22-79
48    <uses-permission android:name="com.oppo.launcher.permission.WRITE_SETTINGS" /> <!-- for EvMe -->
48-->[me.leolin:ShortcutBadger:1.1.22] AndroidManifest.xml:46:5-83
48-->[me.leolin:ShortcutBadger:1.1.22] AndroidManifest.xml:46:22-80
49    <uses-permission android:name="me.everything.badger.permission.BADGE_COUNT_READ" />
49-->[me.leolin:ShortcutBadger:1.1.22] AndroidManifest.xml:49:5-88
49-->[me.leolin:ShortcutBadger:1.1.22] AndroidManifest.xml:49:22-85
50    <uses-permission android:name="me.everything.badger.permission.BADGE_COUNT_WRITE" />
50-->[me.leolin:ShortcutBadger:1.1.22] AndroidManifest.xml:50:5-89
50-->[me.leolin:ShortcutBadger:1.1.22] AndroidManifest.xml:50:22-86
51
52    <application
52-->src\main\AndroidManifest.xml:9:4-46:19
53        android:appComponentFactory="androidx.core.app.CoreComponentFactory"
53-->[androidx.core:core:1.3.2] AndroidManifest.xml:24:18-86
54        android:debuggable="true"
55        android:icon="@mipmap/ic_launcher"
55-->src\main\AndroidManifest.xml:11:9-43
56        android:label="clearance" >
56-->src\main\AndroidManifest.xml:10:9-34
57        <activity
57-->src\main\AndroidManifest.xml:12:9-40:20
58            android:name="com.example.clearance.MainActivity"
58-->src\main\AndroidManifest.xml:13:13-41
59            android:configChanges="orientation|keyboardHidden|keyboard|screenSize|smallestScreenSize|locale|layoutDirection|fontScale|screenLayout|density|uiMode"
59-->src\main\AndroidManifest.xml:16:13-163
60            android:hardwareAccelerated="true"
60-->src\main\AndroidManifest.xml:17:13-47
61            android:launchMode="singleTop"
61-->src\main\AndroidManifest.xml:14:13-43
62            android:theme="@style/LaunchTheme"
62-->src\main\AndroidManifest.xml:15:13-47
63            android:windowSoftInputMode="adjustResize" >
63-->src\main\AndroidManifest.xml:18:13-55
64
65            <!--
66                 Specifies an Android theme to apply to this Activity as soon as
67                 the Android process has started. This theme is visible to the user
68                 while the Flutter UI initializes. After that, this theme continues
69                 to determine the Window background behind the Flutter UI.
70            -->
71            <meta-data
71-->src\main\AndroidManifest.xml:23:13-26:17
72                android:name="io.flutter.embedding.android.NormalTheme"
72-->src\main\AndroidManifest.xml:24:15-70
73                android:resource="@style/NormalTheme" />
73-->src\main\AndroidManifest.xml:25:15-52
74            <!--
75                 Displays an Android View that continues showing the launch screen
76                 Drawable until Flutter paints its first frame, then this splash
77                 screen fades out. A splash screen is useful to avoid any visual
78                 gap between the end of Android's launch screen and the painting of
79                 Flutter's first frame.
80            -->
81            <meta-data
81-->src\main\AndroidManifest.xml:32:13-35:17
82                android:name="io.flutter.embedding.android.SplashScreenDrawable"
82-->src\main\AndroidManifest.xml:33:15-79
83                android:resource="@drawable/launch_background" />
83-->src\main\AndroidManifest.xml:34:15-61
84
85            <intent-filter>
85-->src\main\AndroidManifest.xml:36:13-39:29
86                <action android:name="android.intent.action.MAIN" />
86-->src\main\AndroidManifest.xml:37:17-68
86-->src\main\AndroidManifest.xml:37:25-66
87
88                <category android:name="android.intent.category.LAUNCHER" />
88-->src\main\AndroidManifest.xml:38:17-76
88-->src\main\AndroidManifest.xml:38:27-74
89            </intent-filter>
90        </activity>
91        <!--
92             Don't delete the meta-data below.
93             This is used by the Flutter tool to generate GeneratedPluginRegistrant.java
94        -->
95        <meta-data
95-->src\main\AndroidManifest.xml:43:9-45:33
96            android:name="flutterEmbedding"
96-->src\main\AndroidManifest.xml:44:13-44
97            android:value="2" />
97-->src\main\AndroidManifest.xml:45:13-30
98
99        <service
99-->[:location] AndroidManifest.xml:11:9-15:56
100            android:name="com.lyokone.location.FlutterLocationService"
100-->[:location] AndroidManifest.xml:12:13-71
101            android:enabled="true"
101-->[:location] AndroidManifest.xml:13:13-35
102            android:exported="false"
102-->[:location] AndroidManifest.xml:14:13-37
103            android:foregroundServiceType="location" />
103-->[:location] AndroidManifest.xml:15:13-53
104
105        <provider
105-->[:image_picker] AndroidManifest.xml:11:9-19:20
106            android:name="io.flutter.plugins.imagepicker.ImagePickerFileProvider"
106-->[:image_picker] AndroidManifest.xml:12:13-82
107            android:authorities="com.example.clearance.flutter.image_provider"
107-->[:image_picker] AndroidManifest.xml:13:13-74
108            android:exported="false"
108-->[:image_picker] AndroidManifest.xml:14:13-37
109            android:grantUriPermissions="true" >
109-->[:image_picker] AndroidManifest.xml:15:13-47
110            <meta-data
110-->[:image_picker] AndroidManifest.xml:16:13-18:75
111                android:name="android.support.FILE_PROVIDER_PATHS"
111-->[:image_picker] AndroidManifest.xml:17:17-67
112                android:resource="@xml/flutter_image_picker_file_paths" />
112-->[:image_picker] AndroidManifest.xml:18:17-72
113        </provider>
114
115        <service
115-->[:cloud_firestore] AndroidManifest.xml:8:9-12:19
116            android:name="com.google.firebase.components.ComponentDiscoveryService"
116-->[:cloud_firestore] AndroidManifest.xml:8:18-89
117            android:directBootAware="true"
117-->[com.google.firebase:firebase-common:19.5.0] AndroidManifest.xml:35:13-43
118            android:exported="false" >
118-->[com.google.firebase:firebase-dynamic-links-ktx:19.1.1] AndroidManifest.xml:27:13-37
119            <meta-data
119-->[:cloud_firestore] AndroidManifest.xml:9:13-11:85
120                android:name="com.google.firebase.components:io.flutter.plugins.firebase.firestore.FlutterFirebaseFirestoreRegistrar"
120-->[:cloud_firestore] AndroidManifest.xml:10:17-134
121                android:value="com.google.firebase.components.ComponentRegistrar" />
121-->[:cloud_firestore] AndroidManifest.xml:11:17-82
122            <meta-data
122-->[:firebase_auth] AndroidManifest.xml:9:13-11:85
123                android:name="com.google.firebase.components:io.flutter.plugins.firebase.auth.FlutterFirebaseAuthRegistrar"
123-->[:firebase_auth] AndroidManifest.xml:10:17-124
124                android:value="com.google.firebase.components.ComponentRegistrar" />
124-->[:firebase_auth] AndroidManifest.xml:11:17-82
125            <meta-data
125-->[:firebase_storage] AndroidManifest.xml:9:13-11:85
126                android:name="com.google.firebase.components:io.flutter.plugins.firebase.storage.FlutterFirebaseAppRegistrar"
126-->[:firebase_storage] AndroidManifest.xml:10:17-126
127                android:value="com.google.firebase.components.ComponentRegistrar" />
127-->[:firebase_storage] AndroidManifest.xml:11:17-82
128            <meta-data
128-->[:firebase_messaging] AndroidManifest.xml:14:13-16:85
129                android:name="com.google.firebase.components:io.flutter.plugins.firebasemessaging.FlutterFirebaseAppRegistrar"
129-->[:firebase_messaging] AndroidManifest.xml:15:17-127
130                android:value="com.google.firebase.components.ComponentRegistrar" />
130-->[:firebase_messaging] AndroidManifest.xml:16:17-82
131            <meta-data
131-->[:firebase_core] AndroidManifest.xml:9:13-11:85
132                android:name="com.google.firebase.components:io.flutter.plugins.firebase.core.FlutterFirebaseCoreRegistrar"
132-->[:firebase_core] AndroidManifest.xml:10:17-124
133                android:value="com.google.firebase.components.ComponentRegistrar" />
133-->[:firebase_core] AndroidManifest.xml:11:17-82
134            <meta-data
134-->[com.google.firebase:firebase-dynamic-links-ktx:19.1.1] AndroidManifest.xml:28:13-30:85
135                android:name="com.google.firebase.components:com.google.firebase.dynamiclinks.ktx.FirebaseDynamicLinksKtxRegistrar"
135-->[com.google.firebase:firebase-dynamic-links-ktx:19.1.1] AndroidManifest.xml:29:17-132
136                android:value="com.google.firebase.components.ComponentRegistrar" />
136-->[com.google.firebase:firebase-dynamic-links-ktx:19.1.1] AndroidManifest.xml:30:17-82
137            <meta-data
137-->[com.google.firebase:firebase-crashlytics-ktx:17.4.1] AndroidManifest.xml:27:13-29:85
138                android:name="com.google.firebase.components:com.google.firebase.crashlytics.ktx.FirebaseCrashlyticsKtxRegistrar"
138-->[com.google.firebase:firebase-crashlytics-ktx:17.4.1] AndroidManifest.xml:28:17-130
139                android:value="com.google.firebase.components.ComponentRegistrar" />
139-->[com.google.firebase:firebase-crashlytics-ktx:17.4.1] AndroidManifest.xml:29:17-82
140            <meta-data
140-->[com.google.firebase:firebase-analytics-ktx:18.0.2] AndroidManifest.xml:11:13-13:85
141                android:name="com.google.firebase.components:com.google.firebase.analytics.ktx.FirebaseAnalyticsKtxRegistrar"
141-->[com.google.firebase:firebase-analytics-ktx:18.0.2] AndroidManifest.xml:12:17-126
142                android:value="com.google.firebase.components.ComponentRegistrar" />
142-->[com.google.firebase:firebase-analytics-ktx:18.0.2] AndroidManifest.xml:13:17-82
143            <meta-data
143-->[com.google.firebase:firebase-firestore-ktx:22.1.2] AndroidManifest.xml:15:13-17:85
144                android:name="com.google.firebase.components:com.google.firebase.firestore.ktx.FirebaseFirestoreKtxRegistrar"
144-->[com.google.firebase:firebase-firestore-ktx:22.1.2] AndroidManifest.xml:16:17-126
145                android:value="com.google.firebase.components.ComponentRegistrar" />
145-->[com.google.firebase:firebase-firestore-ktx:22.1.2] AndroidManifest.xml:17:17-82
146            <meta-data
146-->[com.google.firebase:firebase-auth-ktx:20.0.3] AndroidManifest.xml:11:13-13:85
147                android:name="com.google.firebase.components:com.google.firebase.auth.ktx.FirebaseAuthKtxRegistrar"
147-->[com.google.firebase:firebase-auth-ktx:20.0.3] AndroidManifest.xml:12:17-116
148                android:value="com.google.firebase.components.ComponentRegistrar" />
148-->[com.google.firebase:firebase-auth-ktx:20.0.3] AndroidManifest.xml:13:17-82
149            <meta-data
149-->[com.google.firebase:firebase-messaging-ktx:21.0.1] AndroidManifest.xml:29:13-31:85
150                android:name="com.google.firebase.components:com.google.firebase.messaging.ktx.FirebaseMessagingKtxRegistrar"
150-->[com.google.firebase:firebase-messaging-ktx:21.0.1] AndroidManifest.xml:30:17-126
151                android:value="com.google.firebase.components.ComponentRegistrar" />
151-->[com.google.firebase:firebase-messaging-ktx:21.0.1] AndroidManifest.xml:31:17-82
152            <meta-data
152-->[com.google.firebase:firebase-inappmessaging-ktx:19.1.5] AndroidManifest.xml:15:13-17:85
153                android:name="com.google.firebase.components:com.google.firebase.inappmessaging.ktx.FirebaseInAppMessagingKtxRegistrar"
153-->[com.google.firebase:firebase-inappmessaging-ktx:19.1.5] AndroidManifest.xml:16:17-136
154                android:value="com.google.firebase.components.ComponentRegistrar" />
154-->[com.google.firebase:firebase-inappmessaging-ktx:19.1.5] AndroidManifest.xml:17:17-82
155            <meta-data
155-->[com.google.firebase:firebase-common-ktx:19.5.0] AndroidManifest.xml:15:13-17:85
156                android:name="com.google.firebase.components:com.google.firebase.ktx.FirebaseCommonKtxRegistrar"
156-->[com.google.firebase:firebase-common-ktx:19.5.0] AndroidManifest.xml:16:17-113
157                android:value="com.google.firebase.components.ComponentRegistrar" />
157-->[com.google.firebase:firebase-common-ktx:19.5.0] AndroidManifest.xml:17:17-82
158            <meta-data
158-->[com.google.firebase:firebase-messaging:21.0.1] AndroidManifest.xml:39:13-41:85
159                android:name="com.google.firebase.components:com.google.firebase.messaging.FirebaseMessagingRegistrar"
159-->[com.google.firebase:firebase-messaging:21.0.1] AndroidManifest.xml:40:17-119
160                android:value="com.google.firebase.components.ComponentRegistrar" />
160-->[com.google.firebase:firebase-messaging:21.0.1] AndroidManifest.xml:41:17-82
161            <meta-data
161-->[com.google.firebase:firebase-crashlytics:17.4.1] AndroidManifest.xml:18:13-20:85
162                android:name="com.google.firebase.components:com.google.firebase.crashlytics.CrashlyticsRegistrar"
162-->[com.google.firebase:firebase-crashlytics:17.4.1] AndroidManifest.xml:19:17-115
163                android:value="com.google.firebase.components.ComponentRegistrar" />
163-->[com.google.firebase:firebase-crashlytics:17.4.1] AndroidManifest.xml:20:17-82
164            <meta-data
164-->[com.google.firebase:firebase-inappmessaging:19.1.5] AndroidManifest.xml:17:13-19:85
165                android:name="com.google.firebase.components:com.google.firebase.inappmessaging.FirebaseInAppMessagingRegistrar"
165-->[com.google.firebase:firebase-inappmessaging:19.1.5] AndroidManifest.xml:18:17-129
166                android:value="com.google.firebase.components.ComponentRegistrar" />
166-->[com.google.firebase:firebase-inappmessaging:19.1.5] AndroidManifest.xml:19:17-82
167            <meta-data
167-->[com.google.firebase:firebase-datatransport:17.0.11] AndroidManifest.xml:28:13-30:85
168                android:name="com.google.firebase.components:com.google.firebase.datatransport.TransportRegistrar"
168-->[com.google.firebase:firebase-datatransport:17.0.11] AndroidManifest.xml:29:17-115
169                android:value="com.google.firebase.components.ComponentRegistrar" />
169-->[com.google.firebase:firebase-datatransport:17.0.11] AndroidManifest.xml:30:17-82
170            <meta-data
170-->[com.google.firebase:firebase-auth:20.0.3] AndroidManifest.xml:77:13-79:85
171                android:name="com.google.firebase.components:com.google.firebase.auth.FirebaseAuthRegistrar"
171-->[com.google.firebase:firebase-auth:20.0.3] AndroidManifest.xml:78:17-109
172                android:value="com.google.firebase.components.ComponentRegistrar" />
172-->[com.google.firebase:firebase-auth:20.0.3] AndroidManifest.xml:79:17-82
173            <meta-data
173-->[com.google.firebase:firebase-iid:21.0.1] AndroidManifest.xml:32:13-34:85
174                android:name="com.google.firebase.components:com.google.firebase.iid.Registrar"
174-->[com.google.firebase:firebase-iid:21.0.1] AndroidManifest.xml:33:17-96
175                android:value="com.google.firebase.components.ComponentRegistrar" />
175-->[com.google.firebase:firebase-iid:21.0.1] AndroidManifest.xml:34:17-82
176            <meta-data
176-->[com.google.firebase:firebase-firestore:22.1.2] AndroidManifest.xml:20:13-22:85
177                android:name="com.google.firebase.components:com.google.firebase.firestore.FirestoreRegistrar"
177-->[com.google.firebase:firebase-firestore:22.1.2] AndroidManifest.xml:21:17-111
178                android:value="com.google.firebase.components.ComponentRegistrar" />
178-->[com.google.firebase:firebase-firestore:22.1.2] AndroidManifest.xml:22:17-82
179            <meta-data
179-->[com.google.firebase:firebase-dynamic-links:19.1.1] AndroidManifest.xml:11:13-13:85
180                android:name="com.google.firebase.components:com.google.firebase.dynamiclinks.internal.FirebaseDynamicLinkRegistrar"
180-->[com.google.firebase:firebase-dynamic-links:19.1.1] AndroidManifest.xml:12:17-133
181                android:value="com.google.firebase.components.ComponentRegistrar" />
181-->[com.google.firebase:firebase-dynamic-links:19.1.1] AndroidManifest.xml:13:17-82
182            <meta-data
182-->[com.google.firebase:firebase-storage:19.2.2] AndroidManifest.xml:33:13-35:85
183                android:name="com.google.firebase.components:com.google.firebase.storage.StorageRegistrar"
183-->[com.google.firebase:firebase-storage:19.2.2] AndroidManifest.xml:34:17-107
184                android:value="com.google.firebase.components.ComponentRegistrar" />
184-->[com.google.firebase:firebase-storage:19.2.2] AndroidManifest.xml:35:17-82
185            <meta-data
185-->[com.google.firebase:firebase-database:19.7.0] AndroidManifest.xml:32:13-34:85
186                android:name="com.google.firebase.components:com.google.firebase.database.DatabaseRegistrar"
186-->[com.google.firebase:firebase-database:19.7.0] AndroidManifest.xml:33:17-109
187                android:value="com.google.firebase.components.ComponentRegistrar" />
187-->[com.google.firebase:firebase-database:19.7.0] AndroidManifest.xml:34:17-82
188            <meta-data
188-->[com.google.android.gms:play-services-measurement-api:18.0.2] AndroidManifest.xml:30:13-32:85
189                android:name="com.google.firebase.components:com.google.firebase.analytics.connector.internal.AnalyticsConnectorRegistrar"
189-->[com.google.android.gms:play-services-measurement-api:18.0.2] AndroidManifest.xml:31:17-139
190                android:value="com.google.firebase.components.ComponentRegistrar" />
190-->[com.google.android.gms:play-services-measurement-api:18.0.2] AndroidManifest.xml:32:17-82
191            <meta-data
191-->[com.google.firebase:firebase-installations:16.3.5] AndroidManifest.xml:18:13-20:85
192                android:name="com.google.firebase.components:com.google.firebase.installations.FirebaseInstallationsRegistrar"
192-->[com.google.firebase:firebase-installations:16.3.5] AndroidManifest.xml:19:17-127
193                android:value="com.google.firebase.components.ComponentRegistrar" />
193-->[com.google.firebase:firebase-installations:16.3.5] AndroidManifest.xml:20:17-82
194            <meta-data
194-->[com.google.firebase:firebase-abt:20.0.0] AndroidManifest.xml:13:13-15:85
195                android:name="com.google.firebase.components:com.google.firebase.abt.component.AbtRegistrar"
195-->[com.google.firebase:firebase-abt:20.0.0] AndroidManifest.xml:14:17-109
196                android:value="com.google.firebase.components.ComponentRegistrar" />
196-->[com.google.firebase:firebase-abt:20.0.0] AndroidManifest.xml:15:17-82
197            <!--
198                This registrar is not defined in the dynamic-module-support sdk itself to allow non-firebase
199                clients to use it as well, by defining this registrar in their own core/common library.
200            -->
201            <meta-data
201-->[com.google.firebase:firebase-common:19.5.0] AndroidManifest.xml:43:13-45:85
202                android:name="com.google.firebase.components:com.google.firebase.dynamicloading.DynamicLoadingRegistrar"
202-->[com.google.firebase:firebase-common:19.5.0] AndroidManifest.xml:44:17-121
203                android:value="com.google.firebase.components.ComponentRegistrar" />
203-->[com.google.firebase:firebase-common:19.5.0] AndroidManifest.xml:45:17-82
204        </service>
205        <!--
206        <service
207            android:name=".services.firebase.FCMService"
208            android:exported="false">
209            <intent-filter>
210                <action android:name="com.google.firebase.MESSAGING_EVENT"/>
211            </intent-filter>
212        </service>
213
214        <service
215            android:name=".services.AutoCancelService"
216            android:stopWithTask="true" />
217
218        <meta-data android:name="firebase_messaging_auto_init_enabled" android:value="true" />
219
220        <meta-data
221            android:name="com.google.firebase.messaging.default_notification_channel_id"
222            android:value="me.carda.awesome_notifications.firebase.background_channel"/>
223        -->
224        <receiver android:name="me.carda.awesome_notifications.notifications.broadcastReceivers.DismissedNotificationReceiver" />
224-->[:awesome_notifications] AndroidManifest.xml:41:9-130
224-->[:awesome_notifications] AndroidManifest.xml:41:19-127
225        <receiver android:name="me.carda.awesome_notifications.notifications.broadcastReceivers.ScheduledNotificationReceiver" />
225-->[:awesome_notifications] AndroidManifest.xml:42:9-130
225-->[:awesome_notifications] AndroidManifest.xml:42:19-127
226        <receiver android:name="me.carda.awesome_notifications.notifications.broadcastReceivers.KeepOnTopActionReceiver" />
226-->[:awesome_notifications] AndroidManifest.xml:43:9-124
226-->[:awesome_notifications] AndroidManifest.xml:43:19-121
227        <receiver
227-->[:awesome_notifications] AndroidManifest.xml:44:9-56:20
228            android:name="me.carda.awesome_notifications.notifications.broadcastReceivers.RefreshNotificationBootReceiver"
228-->[:awesome_notifications] AndroidManifest.xml:45:13-123
229            android:exported="false" >
229-->[:awesome_notifications] AndroidManifest.xml:46:13-37
230            <intent-filter>
230-->[:awesome_notifications] AndroidManifest.xml:47:13-55:29
231                <category android:name="android.intent.category.DEFAULT" />
231-->[:awesome_notifications] AndroidManifest.xml:48:17-76
231-->[:awesome_notifications] AndroidManifest.xml:48:27-73
232
233                <action android:name="android.intent.action.BOOT_COMPLETED" />
233-->[:awesome_notifications] AndroidManifest.xml:50:17-79
233-->[:awesome_notifications] AndroidManifest.xml:50:25-76
234                <action android:name="android.intent.action.LOCKED_BOOT_COMPLETED" />
234-->[:awesome_notifications] AndroidManifest.xml:51:17-86
234-->[:awesome_notifications] AndroidManifest.xml:51:25-83
235                <action android:name="android.intent.action.MY_PACKAGE_REPLACED" />
235-->[:awesome_notifications] AndroidManifest.xml:52:17-84
235-->[:awesome_notifications] AndroidManifest.xml:52:25-81
236                <action android:name="android.intent.action.QUICKBOOT_POWERON" />
236-->[:awesome_notifications] AndroidManifest.xml:53:17-82
236-->[:awesome_notifications] AndroidManifest.xml:53:25-79
237                <action android:name="com.htc.intent.action.QUICKBOOT_POWERON" />
237-->[:awesome_notifications] AndroidManifest.xml:54:17-82
237-->[:awesome_notifications] AndroidManifest.xml:54:25-79
238            </intent-filter>
239        </receiver>
240        <receiver
240-->[:awesome_notifications] AndroidManifest.xml:57:9-63:20
241            android:name="androidx.media.session.MediaButtonReceiver"
241-->[:awesome_notifications] AndroidManifest.xml:58:13-70
242            android:exported="false" >
242-->[:awesome_notifications] AndroidManifest.xml:59:13-37
243            <intent-filter>
243-->[:awesome_notifications] AndroidManifest.xml:60:13-62:29
244                <action android:name="android.intent.action.MEDIA_BUTTON" />
244-->[:awesome_notifications] AndroidManifest.xml:61:17-77
244-->[:awesome_notifications] AndroidManifest.xml:61:25-74
245            </intent-filter>
246        </receiver>
247
248        <service android:name="io.flutter.plugins.firebasemessaging.FlutterFirebaseMessagingService" >
248-->[:firebase_messaging] AndroidManifest.xml:8:9-12:19
248-->[:firebase_messaging] AndroidManifest.xml:8:18-101
249            <intent-filter>
249-->[:firebase_messaging] AndroidManifest.xml:9:13-11:29